2025-12-07 16:19:44 | INFO | ================================================================================
2025-12-07 16:19:44 | INFO | Preprocessing Pipeline Started - Log: production_preprocessing_20251207_161944.log
2025-12-07 16:19:44 | INFO | ================================================================================
2025-12-07 16:19:44 | INFO | Mode: PRODUCTION
2025-12-07 16:19:44 | INFO | Input: data\processed\sensor_fused_50Hz.csv
2025-12-07 16:19:44 | INFO | Loading data from: D:\study apply\ML Ops\MasterArbeit_MLops\data\processed\sensor_fused_50Hz.csv
2025-12-07 16:19:44 | INFO |   Loaded: 181,699 rows, 8 columns
2025-12-07 16:19:44 | INFO | Preprocessor initialized:
2025-12-07 16:19:44 | INFO |   Window size: 200 samples
2025-12-07 16:19:44 | INFO |   Overlap: 50%
2025-12-07 16:19:44 | INFO |   Step size: 100 samples
2025-12-07 16:19:44 | INFO | 
2025-12-07 16:19:44 | INFO | ================================================================================
2025-12-07 16:19:44 | INFO | DATA FORMAT DETECTION
2025-12-07 16:19:44 | INFO | ================================================================================
2025-12-07 16:19:44 | INFO |   Format: UNLABELED (production data)
2025-12-07 16:19:44 | INFO |   Columns: Ax, Ay, Az, Gx, Gy, Gz + timestamp
2025-12-07 16:19:44 | INFO |   Samples: 181,699
2025-12-07 16:19:44 | INFO | ================================================================================
2025-12-07 16:19:44 | INFO | 
2025-12-07 16:19:44 | INFO | ================================================================================
2025-12-07 16:19:44 | INFO | UNIT DETECTION AND CONVERSION
2025-12-07 16:19:44 | INFO | ================================================================================
2025-12-07 16:19:44 | INFO | Detecting accelerometer units...
2025-12-07 16:19:44 | INFO |   Accelerometer statistics:
2025-12-07 16:19:44 | INFO |     Mean (abs): 345.881
2025-12-07 16:19:44 | INFO |     Max (abs):  2833.416
2025-12-07 16:19:44 | INFO |     Range: [-2833.416, 2833.416]
2025-12-07 16:19:44 | INFO |   ✓ Detected units: milliG (confidence: HIGH)
2025-12-07 16:19:44 | INFO |     Reason: Max absolute value 2833.4 >> 20 (m/s² range)
2025-12-07 16:19:44 | INFO |   → Decision: CONVERSION REQUIRED
2025-12-07 16:19:44 | INFO | Converting accelerometer units: milliG → m/s²
2025-12-07 16:19:44 | INFO |   Conversion factor: 0.00981
2025-12-07 16:19:44 | INFO |   Before conversion (milliG):
2025-12-07 16:19:44 | INFO |     Ax: mean=   -16.234, std=    11.315
2025-12-07 16:19:44 | INFO |     Ay: mean=   -19.023, std=    31.042
2025-12-07 16:19:44 | INFO |     Az: mean= -1001.557, std=    19.924
2025-12-07 16:19:44 | INFO |   After conversion (m/s²):
2025-12-07 16:19:44 | INFO |     Ax: mean=    -0.159, std=     0.111
2025-12-07 16:19:44 | INFO |     Ay: mean=    -0.187, std=     0.305
2025-12-07 16:19:44 | INFO |     Az: mean=    -9.825, std=     0.195
2025-12-07 16:19:44 | INFO |   ✓ Validation: Az mean = -9.83 m/s² (close to gravity -9.8)
2025-12-07 16:19:44 | INFO | ================================================================================
2025-12-07 16:19:44 | INFO | 
2025-12-07 16:19:44 | INFO | ================================================================================
2025-12-07 16:19:44 | INFO | DATA NORMALIZATION
2025-12-07 16:19:44 | INFO | ================================================================================
2025-12-07 16:19:44 | WARNING |   Found 156 NaN values in sensor data
2025-12-07 16:19:44 | WARNING |   Applying forward fill + backward fill
2025-12-07 16:19:44 | INFO |   After NaN handling: 181,699 samples
2025-12-07 16:19:44 | INFO |   Mode: TRANSFORM (production data with saved scaler)
2025-12-07 16:19:44 | INFO |   Loaded scaler from training:
2025-12-07 16:19:44 | INFO |     Mean:  [ 3.21857999  1.28208356 -3.52894856  0.59931196  0.22520524  0.08866752]
2025-12-07 16:19:44 | INFO |     Scale: [ 6.56833202  4.35146423  3.23616475 49.93020599 14.81171005 14.16676676]
2025-12-07 16:19:44 | INFO |   After normalization:
2025-12-07 16:19:44 | INFO |     Range: [nan, nan]
2025-12-07 16:19:44 | INFO |     Mean:  nan
2025-12-07 16:19:44 | INFO |     Std:   nan
2025-12-07 16:19:44 | INFO | ================================================================================
2025-12-07 16:19:44 | INFO | 
2025-12-07 16:19:44 | INFO | ================================================================================
2025-12-07 16:19:44 | INFO | SLIDING WINDOW CREATION
2025-12-07 16:19:44 | INFO | ================================================================================
2025-12-07 16:19:44 | INFO |   Total samples: 181,699
2025-12-07 16:19:44 | INFO |   Window size: 200
2025-12-07 16:19:44 | INFO |   Step size: 100
2025-12-07 16:19:44 | INFO |   Maximum possible windows: 1,815
2025-12-07 16:19:44 | INFO |   ✓ Created 1,772 windows
2025-12-07 16:19:44 | INFO |   Shape: (1772, 200, 6)
2025-12-07 16:19:44 | INFO |   Memory: 8.11 MB
2025-12-07 16:19:44 | INFO | ================================================================================
2025-12-07 16:19:44 | INFO | 
2025-12-07 16:19:44 | INFO | ================================================================================
2025-12-07 16:19:44 | INFO | SAVING PREPROCESSED DATA
2025-12-07 16:19:44 | INFO | ================================================================================
2025-12-07 16:19:44 | INFO |   Saved: production_X.npy (1772, 200, 6)
2025-12-07 16:19:44 | INFO |   Saved: production_metadata.json
2025-12-07 16:19:44 | INFO | ================================================================================
2025-12-07 16:19:44 | INFO | 
2025-12-07 16:19:44 | INFO | ================================================================================
2025-12-07 16:19:44 | INFO | ✓ PREPROCESSING COMPLETE!
2025-12-07 16:19:44 | INFO | ================================================================================
