{
  "timestamp": "2025-12-03T14:48:52.375963",
  "conversion_factor": 0.00981,
  "input_file": "D:\\study apply\\ML Ops\\MasterArbeit_MLops\\data\\processed\\sensor_fused_50Hz.csv",
  "output_file": "D:\\study apply\\ML Ops\\MasterArbeit_MLops\\data\\processed\\sensor_fused_50Hz_converted.csv",
  "samples": 181699,
  "converted_columns": [
    "Ax",
    "Ay",
    "Az"
  ],
  "unchanged_columns": [
    "Gx",
    "Gy",
    "Gz"
  ],
  "statistics_before": {
    "Ax": {
      "mean": -16.23419752269496,
      "std": 11.315275892478102,
      "min": -1455.48775,
      "max": 955.633
    },
    "Ay": {
      "mean": -19.022889180559563,
      "std": 31.041663321812262,
      "min": -1924.73735,
      "max": 1263.5635
    },
    "Az": {
      "mean": -1001.5569016160149,
      "std": 19.924188352332838,
      "min": -2833.4155,
      "max": 390.8329
    },
    "Gx": {
      "mean": 0.49235924902287936,
      "std": 5.33208473721373,
      "min": -800.86145,
      "max": 448.9011
    },
    "Gy": {
      "mean": 0.1507837241702935,
      "std": 4.7168183719428125,
      "min": -584.8334333333333,
      "max": 582.54495
    },
    "Gz": {
      "mean": 0.1315909623656962,
      "std": 1.8734943896156389,
      "min": -143.26595,
      "max": 253.45925
    }
  },
  "statistics_after": {
    "Ax": {
      "mean": -0.15925747769763757,
      "std": 0.11100285650511627,
      "min": -14.278334827499998,
      "max": 9.37475973
    },
    "Ay": {
      "mean": -0.18661454286128928,
      "std": 0.3045187171869383,
      "min": -18.8816734035,
      "max": 12.395557935
    },
    "Az": {
      "mean": -9.825273204853104,
      "std": 0.19545628773639429,
      "min": -27.795806055,
      "max": 3.834070749
    },
    "Gx": {
      "mean": 0.49235924902287936,
      "std": 5.33208473721373,
      "min": -800.86145,
      "max": 448.9011
    },
    "Gy": {
      "mean": 0.1507837241702935,
      "std": 4.7168183719428125,
      "min": -584.8334333333333,
      "max": 582.54495
    },
    "Gz": {
      "mean": 0.1315909623656962,
      "std": 1.8734943896156389,
      "min": -143.26595,
      "max": 253.45925
    }
  }
}